c:\users\leons\desktop\projects\ball game c++\com.s1mplox\release\vc142.pdb
c:\users\leons\desktop\projects\ball game c++\com.s1mplox\release\wintitle.obj
c:\users\leons\desktop\projects\ball game c++\com.s1mplox\release\stakes.obj
c:\users\leons\desktop\projects\ball game c++\com.s1mplox\release\scorebar.obj
c:\users\leons\desktop\projects\ball game c++\com.s1mplox\release\playerblue.obj
c:\users\leons\desktop\projects\ball game c++\com.s1mplox\release\player.obj
c:\users\leons\desktop\projects\ball game c++\com.s1mplox\release\index.obj
c:\users\leons\desktop\projects\ball game c++\com.s1mplox\release\hitboxmap.obj
c:\users\leons\desktop\projects\ball game c++\com.s1mplox\release\goalpointblue.obj
c:\users\leons\desktop\projects\ball game c++\com.s1mplox\release\goalpoint.obj
c:\users\leons\desktop\projects\ball game c++\com.s1mplox\release\goal.obj
c:\users\leons\desktop\projects\ball game c++\com.s1mplox\release\game.obj
c:\users\leons\desktop\projects\ball game c++\com.s1mplox\release\connect.obj
c:\users\leons\desktop\projects\ball game c++\com.s1mplox\release\collision.obj
c:\users\leons\desktop\projects\ball game c++\com.s1mplox\release\ball.obj
c:\users\leons\desktop\projects\ball game c++\com.s1mplox\release\uniball.tlog\cl.command.1.tlog
c:\users\leons\desktop\projects\ball game c++\com.s1mplox\release\uniball.tlog\cl.read.1.tlog
c:\users\leons\desktop\projects\ball game c++\com.s1mplox\release\uniball.tlog\cl.write.1.tlog
c:\users\leons\desktop\projects\ball game c++\com.s1mplox\release\uniball.tlog\link.command.1.tlog
c:\users\leons\desktop\projects\ball game c++\com.s1mplox\release\uniball.tlog\link.read.1.tlog
c:\users\leons\desktop\projects\ball game c++\com.s1mplox\release\uniball.tlog\link.write.1.tlog
