c:\users\leons\desktop\projects\haxball\com.s1mplox\debug\vc142.pdb
c:\users\leons\desktop\projects\haxball\com.s1mplox\debug\vc142.idb
c:\users\leons\desktop\projects\haxball\com.s1mplox\debug\wintitle.obj
c:\users\leons\desktop\projects\haxball\com.s1mplox\debug\stakes.obj
c:\users\leons\desktop\projects\haxball\com.s1mplox\debug\scorebar.obj
c:\users\leons\desktop\projects\haxball\com.s1mplox\debug\player.obj
c:\users\leons\desktop\projects\haxball\com.s1mplox\debug\index.obj
c:\users\leons\desktop\projects\haxball\com.s1mplox\debug\hitboxmap.obj
c:\users\leons\desktop\projects\haxball\com.s1mplox\debug\goal.obj
c:\users\leons\desktop\projects\haxball\com.s1mplox\debug\game.obj
c:\users\leons\desktop\projects\haxball\com.s1mplox\debug\collision.obj
c:\users\leons\desktop\projects\haxball\com.s1mplox\debug\ball.obj
c:\users\leons\desktop\projects\haxball\com.s1mplox\debug\animation.obj
c:\users\leons\desktop\projects\haxball\com.s1mplox\debug\aim.obj
c:\users\leons\desktop\projects\haxball\com.s1mplox\debug\uniball.tlog\cl.command.1.tlog
c:\users\leons\desktop\projects\haxball\com.s1mplox\debug\uniball.tlog\cl.read.1.tlog
c:\users\leons\desktop\projects\haxball\com.s1mplox\debug\uniball.tlog\cl.write.1.tlog
c:\users\leons\desktop\projects\haxball\com.s1mplox\debug\uniball.tlog\link.command.1.tlog
c:\users\leons\desktop\projects\haxball\com.s1mplox\debug\uniball.tlog\link.read.1.tlog
c:\users\leons\desktop\projects\haxball\com.s1mplox\debug\uniball.tlog\link.write.1.tlog
